  ++++  FilePathSegmentCollection 0x7ffeea6305b8 0 0x0
Split() return 0x7ffeea6305b8 1 0x7fb4d640e758'
  ++++  FilePathSegmentCollection 0x7ffeea6302b0 0 0x0
  ++++  FilePathSegmentCollection 0x7ffeea630230 0 0x0
Split() return 0x7ffeea630230 1 0x7fb4d6704388'
  ++++  FilePathSegmentCollection 0x7ffeea630240 0 0x0
Append() return 0x7ffeea630240 2 0x7fb4d67043c8
  this  FilePathSegmentCollection 0x7ffeea6302b0 0 0x0
  other FilePathSegmentCollection 0x7ffeea630240 2 0x7fb4d67043c8
FilePathSegmentCollection = done
  ----  FilePathSegmentCollection 0x7ffeea630240 2 0x7fb4d67043c8
  ----  FilePathSegmentCollection 0x7ffeea630230 1 0x7fb4d6704388
  ====  FilePathSegmentCollection 0x7ffeea6303b0 2 0x7fb4d67043a8
  ----  FilePathSegmentCollection 0x7ffeea6302b0 2 0x7fb4d6704408
  ----  FilePathSegmentCollection 0x7ffeea6303b0 2 0x7fb4d67043a8
  ----  FilePathSegmentCollection 0x7ffeea6305b8 1 0x7fb4d640e758
  ++++  FilePathSegmentCollection 0x7fb4d7009240 0 0x0
Split() return 0x7fb4d7009240 4 0x7fb4d6704358'
  ++++  FilePathSegmentCollection 0x7fb4d70092b0 0 0x0
Split() return 0x7fb4d70092b0 4 0x7fb4d6704408'
  ++++  FilePathSegmentCollection 0x7fb4d7009320 0 0x0
Split() return 0x7fb4d7009320 4 0x7fb4d67044a8'
  ++++  Fixed 0x7fb4d70093e0



  ++++  FilePathSegmentCollection 0x7fb4d6606050 0 0x0
  ++++  FilePathSegmentCollection 0x7fb4d66060c8 0 0x0
  ++++  Fixed 0x7ffeea6300f0

File 0
  ++++  FilePathSegmentCollection 0x7ffeea62fe10 0 0x0
  ++++  FilePathSegmentCollection 0x7ffeea62fd90 0 0x0
Split() return 0x7ffeea62fd90 1 0x7fb4d6607b78'
  ++++  FilePathSegmentCollection 0x7ffeea62fda0 0 0x0
Append() return 0x7ffeea62fda0 5 0x7fb4d6605f08
  this  FilePathSegmentCollection 0x7ffeea62fe10 0 0x0
  other FilePathSegmentCollection 0x7ffeea62fda0 5 0x7fb4d6605f08
FilePathSegmentCollection = done
  ----  FilePathSegmentCollection 0x7ffeea62fda0 5 0x7fb4d6605f08
  ----  FilePathSegmentCollection 0x7ffeea62fd90 1 0x7fb4d6607b78
  ====  FilePathSegmentCollection 0x7ffeea630038 5 0x7fb4d6605f08
  ----  FilePathSegmentCollection 0x7ffeea62fe10 5 0x7fb4d6606108
  ====  FilePathSegmentCollection 0x7ffeea6300b0 5 0x7fb4d6606108
FilePath =
  this  FilePathSegmentCollection 0x7fb4d6606050 0 0x0
  other FilePathSegmentCollection 0x7ffeea6300b0 5 0x7fb4d6606108
FilePathSegmentCollection = done
FilePath = done
  ----  FilePathSegmentCollection 0x7ffeea6300b0 5 0x7fb4d6606108
  ----  FilePathSegmentCollection 0x7ffeea630038 5 0x7fb4d6605f08
File 0 0x7fb4d6606050


File 1
  ++++  FilePathSegmentCollection 0x7ffeea62fe10 0 0x0
  ++++  FilePathSegmentCollection 0x7ffeea62fd90 0 0x0
Split() return 0x7ffeea62fd90 1 0x7fb4d6605b38'
  ++++  FilePathSegmentCollection 0x7ffeea62fda0 0 0x0
Append() return 0x7ffeea62fda0 5 0x7fb4d6606108
  this  FilePathSegmentCollection 0x7ffeea62fe10 0 0x0
  other FilePathSegmentCollection 0x7ffeea62fda0 5 0x7fb4d6606108
FilePathSegmentCollection = done
  ----  FilePathSegmentCollection 0x7ffeea62fda0 5 0x7fb4d6606108
  ----  FilePathSegmentCollection 0x7ffeea62fd90 1 0x7fb4d6605b38
  ====  FilePathSegmentCollection 0x7ffeea62ff50 5 0x7fb4d6606108
  ----  FilePathSegmentCollection 0x7ffeea62fe10 5 0x7fb4d6605f08
  ====  FilePathSegmentCollection 0x7ffeea62ffc8 5 0x7fb4d6605f08
FilePath =
  this  FilePathSegmentCollection 0x7fb4d66060c8 0 0x0
  other FilePathSegmentCollection 0x7ffeea62ffc8 5 0x7fb4d6605f08
FilePathSegmentCollection = done
FilePath = done
  ----  FilePathSegmentCollection 0x7ffeea62ffc8 5 0x7fb4d6605f08
  ----  FilePathSegmentCollection 0x7ffeea62ff50 5 0x7fb4d6606108
File 1 0x7fb4d66060c8


Change
  ++++  FilePathSegmentCollection 0x7fb4d6607c80 0 0x0
  ++++  FilePathSegmentCollection 0x7fb4d6607cf8 0 0x0
FilePath =
  this  FilePathSegmentCollection 0x7fb4d6607c80 0 0x0
  other FilePathSegmentCollection 0x7ffeea62fe18 3932356328 0x7ffeea62fe40